[    0.000000] Linux version 4.15.0-74-generic (buildd@lcy01-amd64-022) (gcc version 7.4.0 (Ubuntu 7.4.0-1ubuntu1~18.04.1)) #84-Ubuntu SMP Thu Dec 19 08:06:28 UTC 2019 (Ubuntu 4.15.0-74.84-generic 4.15.18)
[    0.000000] Command line: BOOT_IMAGE=/boot/vmlinuz-4.15.0-74-generic root=LABEL=cloudimg-rootfs ro console=tty1 console=ttyS0
[    0.000000] KERNEL supported cpus:
[    0.000000]   Intel GenuineIntel
[    0.000000]   AMD AuthenticAMD
[    0.000000]   Centaur CentaurHauls
[    0.000000] x86/fpu: Supporting XSAVE feature 0x001: 'x87 floating point registers'
[    0.000000] x86/fpu: Supporting XSAVE feature 0x002: 'SSE registers'
[    0.000000] x86/fpu: Supporting XSAVE feature 0x004: 'AVX registers'
[    0.000000] x86/fpu: xstate_offset[2]:  576, xstate_sizes[2]:  256
[    0.000000] x86/fpu: Enabled xstate features 0x7, context size is 832 bytes, using 'standard' format.
[    0.000000] e820: BIOS-provided physical RAM map:
[    0.000000] BIOS-e820: [mem 0x0000000000000000-0x000000000009fbff] usable
[    0.000000] BIOS-e820: [mem 0x000000000009fc00-0x000000000009ffff] reserved
[    0.000000] BIOS-e820: [mem 0x00000000000f0000-0x00000000000fffff] reserved
[    0.000000] BIOS-e820: [mem 0x0000000000100000-0x000000003ffeffff] usable
[    0.000000] BIOS-e820: [mem 0x000000003fff0000-0x000000003fffffff] ACPI data
[    0.000000] BIOS-e820: [mem 0x00000000fec00000-0x00000000fec00fff] reserved
[    0.000000] BIOS-e820: [mem 0x00000000fee00000-0x00000000fee00fff] reserved
[    0.000000] BIOS-e820: [mem 0x00000000fffc0000-0x00000000ffffffff] reserved
[    0.000000] NX (Execute Disable) protection: active
[    0.000000] SMBIOS 2.5 present.
[    0.000000] DMI: innotek GmbH VirtualBox/VirtualBox, BIOS VirtualBox 12/01/2006
[    0.000000] Hypervisor detected: KVM
[    0.000000] e820: last_pfn = 0x3fff0 max_arch_pfn = 0x400000000
[    0.000000] MTRR: Disabled
[    0.000000] x86/PAT: MTRRs disabled, skipping PAT initialization too.
[    0.000000] CPU MTRRs all blank - virtualized system.
[    0.000000] x86/PAT: Configuration [0-7]: WB  WT  UC- UC  WB  WT  UC- UC  
[    0.000000] found SMP MP-table at [mem 0x0009fff0-0x0009ffff]
[    0.000000] Scanning 1 areas for low memory corruption
[    0.000000] RAMDISK: [mem 0x3595f000-0x36ca6fff]
[    0.000000] ACPI: Early table checksum verification disabled
[    0.000000] ACPI: RSDP 0x00000000000E0000 000024 (v02 VBOX  )
[    0.000000] ACPI: XSDT 0x000000003FFF0030 00003C (v01 VBOX   VBOXXSDT 00000001 ASL  00000061)
[    0.000000] ACPI: FACP 0x000000003FFF00F0 0000F4 (v04 VBOX   VBOXFACP 00000001 ASL  00000061)
[    0.000000] ACPI: DSDT 0x000000003FFF0470 0022EA (v02 VBOX   VBOXBIOS 00000002 INTL 20100528)
[    0.000000] ACPI: FACS 0x000000003FFF0200 000040
[    0.000000] ACPI: FACS 0x000000003FFF0200 000040
[    0.000000] ACPI: APIC 0x000000003FFF0240 00005C (v02 VBOX   VBOXAPIC 00000001 ASL  00000061)
[    0.000000] ACPI: SSDT 0x000000003FFF02A0 0001CC (v01 VBOX   VBOXCPUT 00000002 INTL 20100528)
[    0.000000] No NUMA configuration found
[    0.000000] Faking a node at [mem 0x0000000000000000-0x000000003ffeffff]
[    0.000000] NODE_DATA(0) allocated [mem 0x3ffc5000-0x3ffeffff]
[    0.000000] kvm-clock: cpu 0, msr 0:3ff44001, primary cpu clock
[    0.000000] kvm-clock: Using msrs 4b564d01 and 4b564d00
[    0.000000] kvm-clock: using sched offset of 3703633954 cycles
[    0.000000] clocksource: kvm-clock: mask: 0xffffffffffffffff max_cycles: 0x1cd42e4dffb, max_idle_ns: 881590591483 ns
[    0.000000] Zone ranges:
[    0.000000]   DMA      [mem 0x0000000000001000-0x0000000000ffffff]
[    0.000000]   DMA32    [mem 0x0000000001000000-0x000000003ffeffff]
[    0.000000]   Normal   empty
[    0.000000]   Device   empty
[    0.000000] Movable zone start for each node
[    0.000000] Early memory node ranges
[    0.000000]   node   0: [mem 0x0000000000001000-0x000000000009efff]
[    0.000000]   node   0: [mem 0x0000000000100000-0x000000003ffeffff]
[    0.000000] Reserved but unavailable: 98 pages
[    0.000000] Initmem setup node 0 [mem 0x0000000000001000-0x000000003ffeffff]
[    0.000000] ACPI: PM-Timer IO Port: 0x4008
[    0.000000] IOAPIC[0]: apic_id 2, version 32, address 0xfec00000, GSI 0-23
[    0.000000] ACPI: INT_SRC_OVR (bus 0 bus_irq 0 global_irq 2 dfl dfl)
[    0.000000] ACPI: INT_SRC_OVR (bus 0 bus_irq 9 global_irq 9 low level)
[    0.000000] Using ACPI (MADT) for SMP configuration information
[    0.000000] smpboot: Allowing 2 CPUs, 0 hotplug CPUs
[    0.000000] PM: Registered nosave memory: [mem 0x00000000-0x00000fff]
[    0.000000] PM: Registered nosave memory: [mem 0x0009f000-0x0009ffff]
[    0.000000] PM: Registered nosave memory: [mem 0x000a0000-0x000effff]
[    0.000000] PM: Registered nosave memory: [mem 0x000f0000-0x000fffff]
[    0.000000] e820: [mem 0x40000000-0xfebfffff] available for PCI devices
[    0.000000] Booting paravirtualized kernel on KVM
[    0.000000] clocksource: refined-jiffies: mask: 0xffffffff max_cycles: 0xffffffff, max_idle_ns: 7645519600211568 ns
[    0.000000] random: get_random_bytes called from start_kernel+0x99/0x4fd with crng_init=0
[    0.000000] setup_percpu: NR_CPUS:8192 nr_cpumask_bits:2 nr_cpu_ids:2 nr_node_ids:1
[    0.000000] percpu: Embedded 45 pages/cpu s147456 r8192 d28672 u1048576
[    0.000000] PV qspinlock hash table entries: 256 (order: 0, 4096 bytes)
[    0.000000] Built 1 zonelists, mobility grouping on.  Total pages: 257913
[    0.000000] Policy zone: DMA32
[    0.000000] Kernel command line: BOOT_IMAGE=/boot/vmlinuz-4.15.0-74-generic root=LABEL=cloudimg-rootfs ro console=tty1 console=ttyS0
[    0.000000] Memory: 982536K/1048120K available (12300K kernel code, 2481K rwdata, 4260K rodata, 2428K init, 2704K bss, 65584K reserved, 0K cma-reserved)
[    0.000000] SLUB: HWalign=64, Order=0-3, MinObjects=0, CPUs=2, Nodes=1
[    0.000000] Kernel/User page tables isolation: enabled
[    0.000000] ftrace: allocating 39322 entries in 154 pages
[    0.004000] Hierarchical RCU implementation.
[    0.004000] 	RCU restricting CPUs from NR_CPUS=8192 to nr_cpu_ids=2.
[    0.004000] 	Tasks RCU enabled.
[    0.004000] RCU: Adjusting geometry for rcu_fanout_leaf=16, nr_cpu_ids=2
[    0.004000] NR_IRQS: 524544, nr_irqs: 440, preallocated irqs: 16
[    0.004000] Console: colour VGA+ 80x25
[    0.004000] console [tty1] enabled
[    0.004000] console [ttyS0] enabled
[    0.004000] ACPI: Core revision 20170831
[    0.004000] ACPI: 2 ACPI AML tables successfully acquired and loaded
[    0.004000] APIC: Switch to symmetric I/O mode setup
[    0.004000] x2apic enabled
[    0.004000] Switched APIC routing to physical x2apic.
[    0.004000] ..TIMER: vector=0x30 apic1=0 pin1=2 apic2=-1 pin2=-1
[    0.004004] tsc: Detected 2399.998 MHz processor
[    0.004747] Calibrating delay loop (skipped) preset value.. 4799.99 BogoMIPS (lpj=9599992)
[    0.005335] pid_max: default: 32768 minimum: 301
[    0.006113] Security Framework initialized
[    0.008002] Yama: becoming mindful.
[    0.008609] AppArmor: AppArmor initialized
[    0.011875] Dentry cache hash table entries: 131072 (order: 8, 1048576 bytes)
[    0.012050] Inode-cache hash table entries: 65536 (order: 7, 524288 bytes)
[    0.013154] Mount-cache hash table entries: 2048 (order: 2, 16384 bytes)
[    0.014186] Mountpoint-cache hash table entries: 2048 (order: 2, 16384 bytes)
[    0.016231] Last level iTLB entries: 4KB 64, 2MB 8, 4MB 8
[    0.017279] Last level dTLB entries: 4KB 64, 2MB 0, 4MB 0, 1GB 4
[    0.018336] Spectre V1 : Mitigation: usercopy/swapgs barriers and __user pointer sanitization
[    0.020002] Spectre V2 : Mitigation: Full generic retpoline
[    0.020871] Spectre V2 : Spectre v2 / SpectreRSB mitigation: Filling RSB on context switch
[    0.022332] Speculative Store Bypass: Vulnerable
[    0.023131] MDS: Mitigation: Clear CPU buffers
[    0.024141] Freeing SMP alternatives memory: 36K
[    0.134664] smpboot: CPU0: Intel(R) Core(TM) i5-8279U CPU @ 2.40GHz (family: 0x6, model: 0x8e, stepping: 0xa)
[    0.136000] Performance Events: unsupported p6 CPU model 142 no PMU driver, software events only.
[    0.136000] Hierarchical SRCU implementation.
[    0.136577] NMI watchdog: Perf event create on CPU 0 failed with -2
[    0.138159] NMI watchdog: Perf NMI watchdog permanently disabled
[    0.140041] smp: Bringing up secondary CPUs ...
[    0.140838] x86: Booting SMP configuration:
[    0.141839] .... node  #0, CPUs:      #1
[    0.004000] kvm-clock: cpu 1, msr 0:3ff44041, secondary cpu clock
[    0.146613] smp: Brought up 1 node, 2 CPUs
[    0.146613] smpboot: Max logical packages: 1
[    0.148007] smpboot: Total of 2 processors activated (9599.99 BogoMIPS)
[    0.149568] devtmpfs: initialized
[    0.149568] x86/mm: Memory block size: 128MB
[    0.149568] evm: security.selinux
[    0.152003] evm: security.SMACK64
[    0.152552] evm: security.SMACK64EXEC
[    0.153224] evm: security.SMACK64TRANSMUTE
[    0.154476] evm: security.SMACK64MMAP
[    0.155135] evm: security.apparmor
[    0.155714] evm: security.ima
[    0.156002] evm: security.capability
[    0.156645] clocksource: jiffies: mask: 0xffffffff max_cycles: 0xffffffff, max_idle_ns: 7645041785100000 ns
[    0.157559] futex hash table entries: 512 (order: 3, 32768 bytes)
[    0.160000] pinctrl core: initialized pinctrl subsystem
[    0.160189] RTC time:  7:02:49, date: 01/22/20
[    0.164152] NET: Registered protocol family 16
[    0.164991] audit: initializing netlink subsys (disabled)
[    0.165917] audit: type=2000 audit(1579676574.261:1): state=initialized audit_enabled=0 res=1
[    0.165917] cpuidle: using governor ladder
[    0.168010] cpuidle: using governor menu
[    0.168702] ACPI: bus type PCI registered
[    0.169371] acpiphp: ACPI Hot Plug PCI Controller Driver version: 0.5
[    0.170503] PCI: Using configuration type 1 for base access
[    0.172695] HugeTLB registered 2.00 MiB page size, pre-allocated 0 pages
[    0.173528] ACPI: Added _OSI(Module Device)
[    0.173528] ACPI: Added _OSI(Processor Device)
[    0.173528] ACPI: Added _OSI(3.0 _SCP Extensions)
[    0.176006] ACPI: Added _OSI(Processor Aggregator Device)
[    0.176883] ACPI: Added _OSI(Linux-Dell-Video)
[    0.177618] ACPI: Added _OSI(Linux-Lenovo-NV-HDMI-Audio)
[    0.178494] ACPI: Added _OSI(Linux-HPI-Hybrid-Graphics)
[    0.180329] ACPI: Executed 1 blocks of module-level executable AML code
[    0.184701] ACPI: Interpreter enabled
[    0.185363] ACPI: (supports S0 S5)
[    0.185952] ACPI: Using IOAPIC for interrupt routing
[    0.186942] PCI: Using host bridge windows from ACPI; if necessary, use "pci=nocrs" and report a bug
[    0.188174] ACPI: Enabled 2 GPEs in block 00 to 07
[    0.195152] ACPI: PCI Root Bridge [PCI0] (domain 0000 [bus 00-ff])
[    0.196006] acpi PNP0A03:00: _OSC: OS supports [ASPM ClockPM Segments MSI]
[    0.197439] acpi PNP0A03:00: _OSC: not requesting OS control; OS requires [ExtendedConfig ASPM ClockPM MSI]
[    0.199024] acpi PNP0A03:00: fail to add MMCONFIG information, can't access extended PCI configuration space under this bridge.
[    0.200416] PCI host bridge to bus 0000:00
[    0.201313] pci_bus 0000:00: root bus resource [io  0x0000-0x0cf7 window]
[    0.202386] pci_bus 0000:00: root bus resource [io  0x0d00-0xffff window]
[    0.204003] pci_bus 0000:00: root bus resource [mem 0x000a0000-0x000bffff window]
[    0.205220] pci_bus 0000:00: root bus resource [mem 0x40000000-0xfdffffff window]
[    0.206444] pci_bus 0000:00: root bus resource [bus 00-ff]
[    0.210233] pci 0000:00:01.1: legacy IDE quirk: reg 0x10: [io  0x01f0-0x01f7]
[    0.211593] pci 0000:00:01.1: legacy IDE quirk: reg 0x14: [io  0x03f6]
[    0.212003] pci 0000:00:01.1: legacy IDE quirk: reg 0x18: [io  0x0170-0x0177]
[    0.213124] pci 0000:00:01.1: legacy IDE quirk: reg 0x1c: [io  0x0376]
[    0.228565] pci 0000:00:07.0: quirk: [io  0x4000-0x403f] claimed by PIIX4 ACPI
[    0.229993] pci 0000:00:07.0: quirk: [io  0x4100-0x410f] claimed by PIIX4 SMB
[    0.239104] ACPI: PCI Interrupt Link [LNKA] (IRQs 5 9 10 *11)
[    0.240249] ACPI: PCI Interrupt Link [LNKB] (IRQs 5 9 *10 11)
[    0.241272] ACPI: PCI Interrupt Link [LNKC] (IRQs 5 *9 10 11)
[    0.242336] ACPI: PCI Interrupt Link [LNKD] (IRQs 5 9 10 *11)
[    0.243585] SCSI subsystem initialized
[    0.244049] pci 0000:00:02.0: vgaarb: setting as boot VGA device
[    0.244994] pci 0000:00:02.0: vgaarb: VGA device added: decodes=io+mem,owns=io+mem,locks=none
[    0.246404] pci 0000:00:02.0: vgaarb: bridge control possible
[    0.247322] vgaarb: loaded
[    0.248034] ACPI: bus type USB registered
[    0.248720] usbcore: registered new interface driver usbfs
[    0.249782] usbcore: registered new interface driver hub
[    0.250739] usbcore: registered new device driver usb
[    0.252023] EDAC MC: Ver: 3.0.0
[    0.252838] PCI: Using ACPI for IRQ routing
[    0.252991] NetLabel: Initializing
[    0.253564] NetLabel:  domain hash size = 128
[    0.254534] NetLabel:  protocols = UNLABELED CIPSOv4 CALIPSO
[    0.256014] NetLabel:  unlabeled traffic allowed by default
[    0.256946] clocksource: Switched to clocksource kvm-clock
[    0.269995] VFS: Disk quotas dquot_6.6.0
[    0.270718] VFS: Dquot-cache hash table entries: 512 (order 0, 4096 bytes)
[    0.271915] AppArmor: AppArmor Filesystem Enabled
[    0.272738] pnp: PnP ACPI init
[    0.274331] pnp: PnP ACPI: found 3 devices
[    0.282537] clocksource: acpi_pm: mask: 0xffffff max_cycles: 0xffffff, max_idle_ns: 2085701024 ns
[    0.284064] NET: Registered protocol family 2
[    0.284971] TCP established hash table entries: 8192 (order: 4, 65536 bytes)
[    0.286134] TCP bind hash table entries: 8192 (order: 5, 131072 bytes)
[    0.288709] TCP: Hash tables configured (established 8192 bind 8192)
[    0.290167] UDP hash table entries: 512 (order: 2, 16384 bytes)
[    0.291245] UDP-Lite hash table entries: 512 (order: 2, 16384 bytes)
[    0.292315] NET: Registered protocol family 1
[    0.293053] pci 0000:00:00.0: Limiting direct PCI/PCI transfers
[    0.294043] pci 0000:00:01.0: Activating ISA DMA hang workarounds
[    0.295064] pci 0000:00:02.0: Video device with shadowed ROM at [mem 0x000c0000-0x000dffff]
[    0.296547] Unpacking initramfs...
[    0.563006] Freeing initrd memory: 19744K
[    0.563811] clocksource: tsc: mask: 0xffffffffffffffff max_cycles: 0x229835b7123, max_idle_ns: 440795242976 ns
[    0.565492] platform rtc_cmos: registered platform RTC device (no PNP device found)
[    0.566791] Scanning for low memory corruption every 60 seconds
[    0.568385] Initialise system trusted keyrings
[    0.569204] Key type blacklist registered
[    0.570029] workingset: timestamp_bits=36 max_order=18 bucket_order=0
[    0.571901] zbud: loaded
[    0.572871] squashfs: version 4.0 (2009/01/31) Phillip Lougher
[    0.575152] fuse init (API version 7.26)
[    0.578244] Key type asymmetric registered
[    0.578952] Asymmetric key parser 'x509' registered
[    0.579799] Block layer SCSI generic (bsg) driver version 0.4 loaded (major 246)
[    0.581120] io scheduler noop registered
[    0.581767] io scheduler deadline registered
[    0.582491] io scheduler cfq registered (default)
[    0.583750] ACPI: AC Adapter [AC] (off-line)
[    0.584587] input: Power Button as /devices/LNXSYSTM:00/LNXPWRBN:00/input/input0
[    0.585839] ACPI: Power Button [PWRF]
[    0.586956] input: Sleep Button as /devices/LNXSYSTM:00/LNXSLPBN:00/input/input1
[    0.588378] ACPI: Sleep Button [SLPF]
[    0.590267] ACPI: Battery Slot [BAT0] (battery present)
[    0.591224] Serial: 8250/16550 driver, 32 ports, IRQ sharing enabled
[    0.613712] 00:02: ttyS0 at I/O 0x3f8 (irq = 4, base_baud = 115200) is a 16550A
[    0.619502] Linux agpgart interface v0.103
[    0.621767] loop: module loaded
[    0.622736] scsi host0: ata_piix
[    0.623379] scsi host1: ata_piix
[    0.623945] ata1: PATA max UDMA/33 cmd 0x1f0 ctl 0x3f6 bmdma 0xd000 irq 14
[    0.625070] ata2: PATA max UDMA/33 cmd 0x170 ctl 0x376 bmdma 0xd008 irq 15
[    0.626227] libphy: Fixed MDIO Bus: probed
[    0.627716] tun: Universal TUN/TAP device driver, 1.6
[    0.628645] PPP generic driver version 2.4.2
[    0.629811] ehci_hcd: USB 2.0 'Enhanced' Host Controller (EHCI) Driver
[    0.631489] ehci-pci: EHCI PCI platform driver
[    0.632266] ehci-platform: EHCI generic platform driver
[    0.633120] ohci_hcd: USB 1.1 'Open' Host Controller (OHCI) Driver
[    0.634111] ohci-pci: OHCI PCI platform driver
[    0.634851] ohci-platform: OHCI generic platform driver
[    0.635703] uhci_hcd: USB Universal Host Controller Interface driver
[    0.636820] i8042: PNP: PS/2 Controller [PNP0303:PS2K,PNP0f03:PS2M] at 0x60,0x64 irq 1,12
[    0.638819] serio: i8042 KBD port at 0x60,0x64 irq 1
[    0.639668] serio: i8042 AUX port at 0x60,0x64 irq 12
[    0.640640] mousedev: PS/2 mouse device common for all mice
[    0.642052] input: AT Translated Set 2 keyboard as /devices/platform/i8042/serio0/input/input2
[    0.643613] rtc_cmos rtc_cmos: rtc core: registered rtc_cmos as rtc0
[    0.644703] rtc_cmos rtc_cmos: alarms up to one day, 114 bytes nvram
[    0.645722] i2c /dev entries driver
[    0.646360] device-mapper: uevent: version 1.0.3
[    0.647584] device-mapper: ioctl: 4.37.0-ioctl (2017-09-20) initialised: dm-devel@redhat.com
[    0.649012] ledtrig-cpu: registered to indicate activity on CPUs
[    0.650545] NET: Registered protocol family 10
[    0.654286] Segment Routing with IPv6
[    0.654925] NET: Registered protocol family 17
[    0.655695] Key type dns_resolver registered
[    0.656580] mce: Using 0 MCE banks
[    0.657172] RAS: Correctable Errors collector initialized.
[    0.658070] sched_clock: Marking stable (656559029, 0)->(824872129, -168313100)
[    0.659549] registered taskstats version 1
[    0.660267] Loading compiled-in X.509 certificates
[    0.662843] Loaded X.509 cert 'Build time autogenerated kernel key: 62d24f9c726e026b112735485dad6e6e4b50c923'
[    0.664494] zswap: loaded using pool lzo/zbud
[    0.668262] Key type big_key registered
[    0.668923] Key type trusted registered
[    0.670864] Key type encrypted registered
[    0.671552] AppArmor: AppArmor sha1 policy hashing enabled
[    0.672638] ima: No TPM chip found, activating TPM-bypass! (rc=-19)
[    0.673903] ima: Allocated hash algorithm: sha1
[    0.674660] evm: HMAC attrs: 0x1
[    0.675484]   Magic number: 4:324:16
[    0.676197] rtc_cmos rtc_cmos: setting system clock to 2020-01-22 07:02:49 UTC (1579676569)
[    0.677717] BIOS EDD facility v0.16 2004-Jun-25, 0 devices found
[    0.678681] EDD information not available.
[    0.791274] Freeing unused kernel image memory: 2428K
[    0.801165] Write protecting the kernel read-only data: 20480k
[    0.804884] Freeing unused kernel image memory: 2008K
[    0.806386] Freeing unused kernel image memory: 1884K
[    0.814703] x86/mm: Checked W+X mappings: passed, no W+X pages found.
[    0.816354] x86/mm: Checking user space page tables
[    0.823581] x86/mm: Checked W+X mappings: passed, no W+X pages found.
Loading, please wait...
starting version 237
[    0.877844] e1000: Intel(R) PRO/1000 Network Driver - version 7.3.21-k8-NAPI
[    0.879470] e1000: Copyright (c) 1999-2006 Intel Corporation.
[    0.889548] Fusion MPT base driver 3.04.20
[    0.891141] Copyright (c) 1999-2008 LSI Corporation
[    0.907213] Fusion MPT SPI Host driver 3.04.20
[    0.909497] vboxvideo: loading out-of-tree module taints kernel.
[    0.910735] vboxvideo: module verification failed: signature and/or required key missing - tainting kernel
[    0.910763] AVX2 version of gcm_enc/dec engaged.
[    0.913318] AES CTR mode by8 optimization enabled
[    1.105151] input: ImExPS/2 Generic Explorer Mouse as /devices/platform/i8042/serio1/input/input4
[    1.275799] e1000 0000:00:03.0 eth0: (PCI:33MHz:32-bit) 02:57:a3:c3:eb:b7
[    1.277596] e1000 0000:00:03.0 eth0: Intel(R) PRO/1000 Network Connection
[    1.661473] e1000 0000:00:08.0 eth1: (PCI:33MHz:32-bit) 08:00:27:98:51:cd
[    1.663318] e1000 0000:00:08.0 eth1: Intel(R) PRO/1000 Network Connection
[    1.665508] e1000 0000:00:08.0 enp0s8: renamed from eth1
[    1.668277] [drm] VRAM 01000000
[    1.676487] [TTM] Zone  kernel: Available graphics memory: 504318 kiB
[    1.678252] [TTM] Initializing pool allocator
[    1.678951] [TTM] Initializing DMA pool allocator
[    1.681261] fbcon: vboxdrmfb (fb0) is primary device
[    1.681990] e1000 0000:00:03.0 enp0s3: renamed from eth0
[    1.685051] Console: switching to colour frame buffer device 100x37
[    1.689021] vboxvideo 0000:00:02.0: fb0: vboxdrmfb frame buffer device
[    1.704394] [drm] Initialized vboxvideo 1.0.0 20130823 for 0000:00:02.0 on minor 0
[    1.708346] mptbase: ioc0: Initiating bringup
[    1.836519] ioc0: LSI53C1030 A0: Capabilities={Initiator}
[    2.408767] scsi host2: ioc0: LSI53C1030 A0, FwRev=00000000h, Ports=1, MaxQ=256, IRQ=20
[    2.688578] scsi 2:0:0:0: Direct-Access     VBOX     HARDDISK         1.0  PQ: 0 ANSI: 5
[    2.908540] scsi target2:0:0: Beginning Domain Validation
[    2.912313] scsi target2:0:0: Domain Validation skipping write tests
[    2.913468] scsi target2:0:0: Ending Domain Validation
[    2.914483] scsi target2:0:0: asynchronous
[    2.915921] scsi 2:0:1:0: Direct-Access     VBOX     HARDDISK         1.0  PQ: 0 ANSI: 5
[    3.121412] scsi target2:0:1: Beginning Domain Validation
[    3.125270] scsi target2:0:1: Domain Validation skipping write tests
[    3.126718] scsi target2:0:1: Ending Domain Validation
[    3.127959] scsi target2:0:1: asynchronous
[    3.133417] sd 2:0:0:0: Attached scsi generic sg0 type 0
[    3.133633] sd 2:0:0:0: [sda] 20971520 512-byte logical blocks: (10.7 GB/10.0 GiB)
[    3.136795] sd 2:0:0:0: [sda] Write Protect is off
[    3.136824] sd 2:0:1:0: Attached scsi generic sg1 type 0
[    3.139492] sd 2:0:1:0: [sdb] 20480 512-byte logical blocks: (10.5 MB/10.0 MiB)
[    3.141161] sd 2:0:1:0: [sdb] Write Protect is off
[    3.142326] sd 2:0:0:0: [sda] Incomplete mode parameter data
[    3.143654] sd 2:0:0:0: [sda] Assuming drive cache: write through
[    3.145114] random: fast init done
[    3.146023] sd 2:0:1:0: [sdb] Incomplete mode parameter data
[    3.147343] sd 2:0:1:0: [sdb] Assuming drive cache: write through
[    3.149153] random: systemd-udevd: uninitialized urandom read (16 bytes read)
[    3.150708] random: systemd-udevd: uninitialized urandom read (16 bytes read)
[    3.152211] random: systemd-udevd: uninitialized urandom read (16 bytes read)
[    3.155540]  sda: sda1
[    3.157315] sd 2:0:1:0: [sdb] Attached SCSI disk
[    3.158400] sd 2:0:0:0: [sda] Attached SCSI disk
Begin: Loading essential drivers ... [    3.316490] raid6: sse2x1   gen()  9573 MB/s
[    3.364641] raid6: sse2x1   xor()  9052 MB/s
[    3.416147] raid6: sse2x2   gen() 17286 MB/s
[    3.464858] raid6: sse2x2   xor() 11503 MB/s
[    3.512554] raid6: sse2x4   gen() 18934 MB/s
[    3.560924] raid6: sse2x4   xor() 11132 MB/s
[    3.608550] raid6: avx2x1   gen() 28194 MB/s
[    3.656367] raid6: avx2x1   xor() 18767 MB/s
[    3.706734] raid6: avx2x2   gen() 33791 MB/s
[    3.752476] raid6: avx2x2   xor() 20841 MB/s
[    3.800323] raid6: avx2x4   gen() 34476 MB/s
[    3.848090] raid6: avx2x4   xor() 22393 MB/s
[    3.849273] raid6: using algorithm avx2x4 gen() 34476 MB/s
[    3.850354] raid6: .... xor() 22393 MB/s, rmw enabled
[    3.851263] raid6: using avx2x2 recovery algorithm
[    3.853667] xor: automatically using best checksumming function   avx       
[    3.855985] async_tx: api initialized (async)
done.
Begin: Running /scripts/init-premount ... done.
Begin: Mounting root file system ... Begin: Running /scripts/local-top ... done.
Begin: Running /scripts/local-premount ... [    3.892472] Btrfs loaded, crc32c=crc32c-intel
Scanning for Btrfs filesystems
done.
Warning: fsck not present, so skipping root file system
[    3.917209] EXT4-fs (sda1): mounted filesystem with ordered data mode. Opts: (null)
done.
Begin: Running /scripts/local-bottom ... done.
Begin: Running /scripts/init-bottom ... done.
[    4.101620] ip_tables: (C) 2000-2006 Netfilter Core Team
[    4.109920] systemd[1]: systemd 237 running in system mode. (+PAM +AUDIT +SELINUX +IMA +APPARMOR +SMACK +SYSVINIT +UTMP +LIBCRYPTSETUP +GCRYPT +GNUTLS +ACL +XZ +LZ4 +SECCOMP +BLKID +ELFUTILS +KMOD -IDN2 +IDN -PCRE2 default-hierarchy=hybrid)
[    4.113440] systemd[1]: Detected virtualization oracle.
[    4.114368] systemd[1]: Detected architecture x86-64.

Welcome to [1mUbuntu 18.04.3 LTS[0m!

[    4.120519] systemd[1]: Set hostname to <ubuntu-bionic>.
[    4.379850] systemd[1]: Set up automount Arbitrary Executable File Formats File System Automount Point.
[[0;32m  OK  [0m] Set up automount Arbitrary Executab…rmats File System Automount Point.
[    4.383771] systemd[1]: Created slice System Slice.
[[0;32m  OK  [0m] Created slice System Slice.
[    4.385372] systemd[1]: Listening on udev Kernel Socket.
[[0;32m  OK  [0m] Listening on udev Kernel Socket.
[    4.387034] systemd[1]: Listening on Syslog Socket.
[[0;32m  OK  [0m] Listening on Syslog Socket.
[    4.388652] systemd[1]: Listening on udev Control Socket.
[[0;32m  OK  [0m] Listening on udev Control Socket.
[    4.390401] systemd[1]: Created slice User and Session Slice.
[[0;32m  OK  [0m] Created slice User and Session Slice.
[[0;32m  OK  [0m] Listening on Journal Socket.
         Mounting Kernel Debug File System...
         Starting Uncomplicated firewall...
[[0;32m  OK  [0m] Reached target Slices.
         Starting Create list of required st…ce nodes for the current kernel...
[[0;32m  OK  [0m] Reached target Swap.
[[0;32m  OK  [0m] Reached target User and Group Name Lookups.
         Starting Load Kernel Modules...
[[0;32m  OK  [0m] Started Forward Password Requests to Wall Directory Watch.
         Starting udev Coldplug all Devices...
         Mounting Huge Pages File System...
[[0;32m  OK  [0m] Listening on Journal Socket (/dev/log).
[[0;32m  OK  [0m] Reached target System Time Synchronized.
[[0;32m  OK  [0m] Created slice system-serial\x2dgetty.slice.
[    4.427207] Loading iSCSI transport class v2.0-870.
[[0;32m  OK  [0m] Listening on Network Service Netlink Socket.
[[0;32m  OK  [0m] Listening on Journal Audit Socket.
         Starting Journal Service...
[[0;32m  OK  [0m] Listening on LVM2 poll daemon socket.
[[0;32m  OK  [0m] Listening on /dev/initctl Compatibility Named Pipe.
[[0;32m  OK  [0m] Listening on LVM2 metadata daemon socket.
         Starting Set the console keyboard layout...
[[0;32m  OK  [0m] Listening on Device-mapper event daemon FIFOs.
         Starting Remount Root and Kernel File Systems...
         Mounting POSIX Message Queue File System...
[    4.441730] iscsi: registered transport (tcp)
         Starting Monitoring of LVM2 mirrors…ng dmeventd or progress polling...
[[0;32m  OK  [0m] Mounted Kernel Debug File System.
[[0;32m  OK  [0m] Started Uncomplicated firewall.
[[0;32m  OK  [0m] Started Create list of required sta…vice nodes for the current kernel.
[[0;32m  OK  [0m] Mounted Huge Pages File System.
[[0;32m  OK  [0m] Mounted POSIX Message Queue File System.
         Starting Create Static Device Nodes in /dev...
[    4.461055] iscsi: registered transport (iser)
[[0;32m  OK  [0m] Started Load Kernel Modules.
         Starting Apply Kernel Variables...
         Mounting FUSE Control File System...
         Mounting Kernel Configuration File System...
[[0;32m  OK  [0m] Mounted FUSE Control File System.
[[0;32m  OK  [0m] Mounted Kernel Configuration File System.
[[0;32m  OK  [0m] Started Journal Service.
[[0;32m  OK  [0m] Started udev Coldplug all Devices.
[[0;32m  OK  [0m] Started LVM2 metadata daemon.
[[0;32m  OK  [0m] Started Create Static Device Nodes in /dev.
[[0;32m  OK  [0m] Started Remount Root and Kernel File Systems.
         Starting Load/Save Random Seed...
         Starting Flush Journal to Persistent Storage...
         Starting udev Kernel Device Manager...
[[0;32m  OK  [0m] Started Monitoring of LVM2 mirrors,…sing dmeventd or progress polling.
[[0;32m  OK  [0m] Started Apply Kernel Variables.
[[0;32m  OK  [0m] Started Load/Save Random Seed.
[[0;32m  OK  [0m] Started udev Kernel Device Manager.
[[0;32m  OK  [0m] Started Set the console keyboard layout.
[[0;32m  OK  [0m] Reached target Local File Systems (Pre).
[[0;32m  OK  [0m] Reached target Local File Systems.
         Starting AppArmor initialization...
         Starting Set console font and keymap...
         Starting ebtables ruleset management...
         Starting Tell Plymouth To Write Out Runtime Data...
[[0;32m  OK  [0m] Started Dispatch Password Requests to Console Directory Watch.
[[0;32m  OK  [0m] Reached target Local Encrypted Volumes.
[[0;32m  OK  [0m] Started Flush Journal to Persistent Storage.
         Starting Create Volatile Files and Directories...
[[0;32m  OK  [0m] Started Set console font and keymap.
[[0;32m  OK  [0m] Started Tell Plymouth To Write Out Runtime Data.
[[0;32m  OK  [0m] Found device /dev/ttyS0.
[[0;32m  OK  [0m] Started Create Volatile Files and Directories.
         Starting Update UTMP about System Boot/Shutdown...
[[0;32m  OK  [0m] Listening on Load/Save RF Kill Switch Status /dev/rfkill Watch.
[[0;32m  OK  [0m] Started Update UTMP about System Boot/Shutdown.
[[0;32m  OK  [0m] Started ebtables ruleset management.
[[0;32m  OK  [0m] Started AppArmor initialization.
         Starting Initial cloud-init job (pre-networking)...
[    6.079035] cloud-init[582]: Cloud-init v. 19.3-41-gc4735dd3-0ubuntu1~18.04.1 running 'init-local' at Wed, 22 Jan 2020 07:02:54 +0000. Up 5.87 seconds.
[[0;32m  OK  [0m] Started Initial cloud-init job (pre-networking).
[[0;32m  OK  [0m] Reached target Network (Pre).
         Starting Network Service...
[[0;32m  OK  [0m] Started Network Service.
         Starting Wait for Network to be Configured...
         Starting Network Name Resolution...
[[0;32m  OK  [0m] Started Network Name Resolution.
[[0;32m  OK  [0m] Reached target Network.
[[0;32m  OK  [0m] Reached target Host and Network Name Lookups.
[[0;32m  OK  [0m] Started Wait for Network to be Configured.
         Starting Initial cloud-init job (metadata service crawler)...
[    8.364469] cloud-init[712]: Cloud-init v. 19.3-41-gc4735dd3-0ubuntu1~18.04.1 running 'init' at Wed, 22 Jan 2020 07:02:57 +0000. Up 8.24 seconds.
[    8.396131] cloud-init[712]: ci-info: ++++++++++++++++++++++++++++++++++++++Net device info+++++++++++++++++++++++++++++++++++++++
[    8.408333] cloud-init[712]: ci-info: +--------+------+-----------------------------+---------------+--------+-------------------+
[    8.410621] cloud-init[712]: ci-info: | Device |  Up  |           Address           |      Mask     | Scope  |     Hw-Address    |
[    8.412442] cloud-init[712]: ci-info: +--------+------+-----------------------------+---------------+--------+-------------------+
[    8.414103] cloud-init[712]: ci-info: | enp0s3 | True |          10.0.2.15          | 255.255.255.0 | global | 02:57:a3:c3:eb:b7 |
[    8.415763] cloud-init[712]: ci-info: | enp0s3 | True |  fe80::57:a3ff:fec3:ebb7/64 |       .       |  link  | 02:57:a3:c3:eb:b7 |
[    8.417755] cloud-init[712]: ci-info: | enp0s8 | True |        192.168.33.10        | 255.255.255.0 | global | 08:00:27:98:51:cd |
[    8.419180] cloud-init[712]: ci-info: | enp0s8 | True | fe80::a00:27ff:fe98:51cd/64 |       .       |  link  | 08:00:27:98:51:cd |
[    8.420506] cloud-init[712]: ci-info: |   lo   | True |          127.0.0.1          |   255.0.0.0   |  host  |         .         |
[    8.421896] cloud-init[712]: ci-info: |   lo   | True |           ::1/128           |       .       |  host  |         .         |
[    8.423019] cloud-init[712]: ci-info: +--------+------+-----------------------------+---------------+--------+-------------------+
[    8.424539] cloud-init[712]: ci-info: +++++++++++++++++++++++++++++Route IPv4 info+++++++++++++++++++++++++++++
[    8.425930] cloud-init[712]: ci-info: +-------+--------------+----------+-----------------+-----------+-------+
[    8.436497] cloud-init[712]: ci-info: | Route | Destination  | Gateway  |     Genmask     | Interface | Flags |
[    8.452340] cloud-init[712]: ci-info: +-------+--------------+----------+-----------------+-----------+-------+
[    8.453748] cloud-init[712]: ci-info: |   0   |   0.0.0.0    | 10.0.2.2 |     0.0.0.0     |   enp0s3  |   UG  |
[    8.455259] cloud-init[712]: ci-info: |   1   |   10.0.2.0   | 0.0.0.0  |  255.255.255.0  |   enp0s3  |   U   |
[    8.456776] cloud-init[712]: ci-info: |   2   |   10.0.2.2   | 0.0.0.0  | 255.255.255.255 |   enp0s3  |   UH  |
[    8.458189] cloud-init[712]: ci-info: |   3   | 192.168.33.0 | 0.0.0.0  |  255.255.255.0  |   enp0s8  |   U   |
[    8.459590] cloud-init[712]: ci-info: +-------+--------------+----------+-----------------+-----------+-------+
[    8.461060] cloud-init[712]: ci-info: +++++++++++++++++++Route IPv6 info+++++++++++++++++++
[    8.462305] cloud-init[712]: ci-info: +-------+-------------+---------+-----------+-------+
[    8.463615] cloud-init[712]: ci-info: | Route | Destination | Gateway | Interface | Flags |
[    8.466221] cloud-init[712]: ci-info: +-------+-------------+---------+-----------+-------+
[    8.467415] cloud-init[712]: ci-info: |   1   |  fe80::/64  |    ::   |   enp0s8  |   U   |
[    8.468651] cloud-init[712]: ci-info: |   2   |  fe80::/64  |    ::   |   enp0s3  |   U   |
[    8.469852] cloud-init[712]: ci-info: |   4   |    local    |    ::   |   enp0s3  |   U   |
[    8.471203] cloud-init[712]: ci-info: |   5   |    local    |    ::   |   enp0s8  |   U   |
[    8.472322] cloud-init[712]: ci-info: |   6   |   ff00::/8  |    ::   |   enp0s8  |   U   |
[    8.473444] cloud-init[712]: ci-info: |   7   |   ff00::/8  |    ::   |   enp0s3  |   U   |
[    8.474571] cloud-init[712]: ci-info: +-------+-------------+---------+-----------+-------+
[[0;32m  OK  [0m] Started Initial cloud-init job (metadata service crawler).
[[0;32m  OK  [0m] Reached target System Initialization.
[[0;32m  OK  [0m] Listening on D-Bus System Message Bus Socket.
[[0;32m  OK  [0m] Listening on UUID daemon activation socket.
[[0;32m  OK  [0m] Started Daily Cleanup of Temporary Directories.
[[0;32m  OK  [0m] Started ACPI Events Check.
[[0;32m  OK  [0m] Reached target Paths.
[[0;32m  OK  [0m] Started Message of the Day.
         Starting LXD - unix socket.
[[0;32m  OK  [0m] Started Daily apt download activities.
[[0;32m  OK  [0m] Started Daily apt upgrade and clean activities.
[[0;32m  OK  [0m] Listening on Open-iSCSI iscsid Socket.
[[0;32m  OK  [0m] Listening on ACPID Listen Socket.
[[0;32m  OK  [0m] Started Discard unused blocks once a week.
[[0;32m  OK  [0m] Reached target Timers.
         Starting Socket activation for snappy daemon.
[[0;32m  OK  [0m] Reached target Network is Online.
[[0;32m  OK  [0m] Reached target Remote File Systems (Pre).
[[0;32m  OK  [0m] Reached target Remote File Systems.
         Starting Availability of block devices...
[[0;32m  OK  [0m] Reached target Cloud-config availability.
[[0;32m  OK  [0m] Listening on LXD - unix socket.
[[0;32m  OK  [0m] Listening on Socket activation for snappy daemon.
[[0;32m  OK  [0m] Reached target Sockets.
[[0;32m  OK  [0m] Reached target Basic System.
         Starting Accounts Service...
         Starting Permit User Sessions...
         Starting LSB: automatic crash report generation...
         Starting LSB: Record successful boot for GRUB...
         Starting vboxadd.service...
         Starting Dispatcher daemon for systemd-networkd...
[[0;32m  OK  [0m] Started Regular background program processing daemon.
[[0;32m  OK  [0m] Started Deferred execution scheduler.
[[0;32m  OK  [0m] Started D-Bus System Message Bus.
[[0;32m  OK  [0m] Started FUSE filesystem for LXC.
         Starting OpenBSD Secure Shell server...
         Starting System Logging Service...
[[0;32m  OK  [0m] Started irqbalance daemon.
         Starting Login Service...
         Starting Snappy daemon...
         Starting LXD - container startup/shutdown...
[[0;32m  OK  [0m] Started System Logging Service.
[[0;32m  OK  [0m] Started Availability of block devices.
[[0;32m  OK  [0m] Started Permit User Sessions.
[[0;32m  OK  [0m] Started OpenBSD Secure Shell server.
[[0;32m  OK  [0m] Started Login Service.
[[0;32m  OK  [0m] Started Unattended Upgrades Shutdown.
         Starting Authorization Manager...
         Starting Terminate Plymouth Boot Screen...
         Starting Hold until boot process finishes up...
[[0;32m  OK  [0m] Started Hold until boot process finishes up.
         Starting Set console scheme...
[[0;32m  OK  [0m] Started Serial Getty on ttyS0.
[[0;32m  OK  [0m] Started Terminate Plymouth Boot Screen.
[[0;32m  OK  [0m] Started Authorization Manager.
[[0;32m  OK  [0m] Started Accounts Service.
[[0;32m  OK  [0m] Started Set console scheme.
[[0;32m  OK  [0m] Created slice system-getty.slice.
[[0;32m  OK  [0m] Started Getty on tty1.
[[0;32m  OK  [0m] Reached target Login Prompts.
[[0;32m  OK  [0m] Started Dispatcher daemon for systemd-networkd.
[[0;32m  OK  [0m] Started LSB: Record successful boot for GRUB.
[[0;32m  OK  [0m] Started LSB: automatic crash report generation.
[[0;32m  OK  [0m] Started LXD - container startup/shutdown.
[[0;32m  OK  [0m] Started Snappy daemon.
         Starting Wait until snapd is fully seeded...
[[0;32m  OK  [0m] Started Wait until snapd is fully seeded.
         Starting Apply the settings specified in cloud-config...
[[0;32m  OK  [0m] Started vboxadd.service.
         Starting vboxadd-service.service...
[[0;32m  OK  [0m] Started vboxadd-service.service.
[[0;32m  OK  [0m] Reached target Multi-User System.
[[0;32m  OK  [0m] Reached target Graphical Interface.
         Starting Update UTMP about System Runlevel Changes...
[[0;32m  OK  [0m] Started Update UTMP about System Runlevel Changes.
[   10.505232] cloud-init[1179]: Cloud-init v. 19.3-41-gc4735dd3-0ubuntu1~18.04.1 running 'modules:config' at Wed, 22 Jan 2020 07:02:59 +0000. Up 10.41 seconds.
[[0;32m  OK  [0m] Started Apply the settings specified in cloud-config.
         Starting Execute cloud user/final scripts...
[   10.917738] cloud-init[1318]: Cloud-init v. 19.3-41-gc4735dd3-0ubuntu1~18.04.1 running 'modules:final' at Wed, 22 Jan 2020 07:02:59 +0000. Up 10.83 seconds.
[   10.928524] cloud-init[1318]: Cloud-init v. 19.3-41-gc4735dd3-0ubuntu1~18.04.1 finished at Wed, 22 Jan 2020 07:02:59 +0000. Datasource DataSourceNoCloud [seed=/dev/sdb][dsmode=net].  Up 10.91 seconds
[[0;32m  OK  [0m] Started Execute cloud user/final scripts.
[[0;32m  OK  [0m] Reached target Cloud-init target.

Ubuntu 18.04.3 LTS ubuntu-bionic ttyS0

ubuntu-bionic login: [[0;32m  OK  [0m] Stopped target Timers.
[[0;32m  OK  [0m] Stopped Discard unused blocks once a week.
         Stopping Authorization Manager...
         Stopping User Manager for UID 1000...
         Stopping Availability of block devices...
[[0;32m  OK  [0m] Closed Load/Save RF Kill Switch Status /dev/rfkill Watch.
[[0;32m  OK  [0m] Stopped Daily Cleanup of Temporary Directories.
[[0;32m  OK  [0m] Stopped Message of the Day.
         Stopping Session 6 of user vagrant.
[[0;32m  OK  [0m] Stopped target Cloud-init target.
[[0;32m  OK  [0m] Stopped Execute cloud user/final scripts.
[[0;32m  OK  [0m] Stopped Apply the settings specified in cloud-config.
[[0;32m  OK  [0m] Stopped target Cloud-config availability.
[[0;32m  OK  [0m] Stopped target Network is Online.
[[0;32m  OK  [0m] Stopped Daily apt upgrade and clean activities.
[[0;32m  OK  [0m] Stopped Daily apt download activities.
[[0;32m  OK  [0m] Stopped target System Time Synchronized.
[[0;32m  OK  [0m] Stopped target Graphical Interface.
[[0;32m  OK  [0m] Stopped target Multi-User System.
         Stopping irqbalance daemon...
         Stopping OpenBSD Secure Shell server...
         Stopping D-Bus System Message Bus...
[[0;32m  OK  [0m] Stopped Wait until snapd is fully seeded.
         Stopping System Logging Service...
         Stopping Dispatcher daemon for systemd-networkd...
         Stopping Deferred execution scheduler...
         Stopping vboxadd-service.service...
         Stopping Unattended Upgrades Shutdown...
[[0;32m  OK  [0m] Stopped target Login Prompts.
         Stopping Serial Getty on ttyS0...
         Stopping Getty on tty1...
         Stopping Regular background program processing daemon...
         Stopping FUSE filesystem for LXC...
         Stopping LXD - container startup/shutdown...
         Stopping Accounts Service...
         Stopping LSB: Record successful boot for GRUB...
         Stopping LSB: automatic crash report generation...
[[0;32m  OK  [0m] Stopped target Host and Network Name Lookups.
[[0;32m  OK  [0m] Unmounted /var/lib/lxcfs.
[[0;32m  OK  [0m] Stopped Dispatcher daemon for systemd-networkd.
[[0;32m  OK  [0m] Stopped Regular background program processing daemon.
[[0;32m  OK  [0m] Stopped Deferred execution scheduler.
[[0;32m  OK  [0m] Stopped Accounts Service.
[[0;32m  OK  [0m] Stopped System Logging Service.
[[0;32m  OK  [0m] Stopped irqbalance daemon.
[[0;32m  OK  [0m] Stopped OpenBSD Secure Shell server.
[[0;32m  OK  [0m] Stopped Unattended Upgrades Shutdown.
[[0;32m  OK  [0m] Stopped Authorization Manager.
[[0;32m  OK  [0m] Stopped Serial Getty on ttyS0.
[[0;32m  OK  [0m] Stopped Getty on tty1.
[[0;32m  OK  [0m] Stopped User Manager for UID 1000.
[[0;32m  OK  [0m] Stopped D-Bus System Message Bus.
[[0;32m  OK  [0m] Stopped FUSE filesystem for LXC.
[[0;32m  OK  [0m] Stopped Session 6 of user vagrant.
[[0;32m  OK  [0m] Stopped Availability of block devices.
[[0;32m  OK  [0m] Removed slice User Slice of vagrant.
[[0;32m  OK  [0m] Removed slice system-getty.slice.
         Stopping Permit User Sessions...
[[0;32m  OK  [0m] Removed slice system-serial\x2dgetty.slice.
         Stopping Login Service...
[[0;32m  OK  [0m] Stopped LSB: Record successful boot for GRUB.
[[0;32m  OK  [0m] Stopped LSB: automatic crash report generation.
[[0;32m  OK  [0m] Stopped Permit User Sessions.
[[0;32m  OK  [0m] Stopped target Network.
         Stopping Network Name Resolution...
[[0;32m  OK  [0m] Stopped target Remote File Systems.
[[0;32m  OK  [0m] Stopped target Remote File Systems (Pre).
[[0;32m  OK  [0m] Stopped LXD - container startup/shutdown.
[[0;32m  OK  [0m] Stopped vboxadd-service.service.
         Stopping vboxadd.service...
[[0;32m  OK  [0m] Stopped Network Name Resolution.
         Stopping Network Service...
[[0;32m  OK  [0m] Stopped Login Service.
[[0;32m  OK  [0m] Stopped target User and Group Name Lookups.
[[0;32m  OK  [0m] Unmounted /vagrant.
[[0;32m  OK  [0m] Stopped Network Service.
[[0;32m  OK  [0m] Stopped vboxadd.service.
[[0;32m  OK  [0m] Stopped target Basic System.
[[0;32m  OK  [0m] Stopped target Sockets.
[[0;32m  OK  [0m] Closed Open-iSCSI iscsid Socket.
[[0;32m  OK  [0m] Closed ACPID Listen Socket.
[[0;32m  OK  [0m] Closed Syslog Socket.
[[0;32m  OK  [0m] Closed LXD - unix socket.
[[0;32m  OK  [0m] Closed D-Bus System Message Bus Socket.
[[0;32m  OK  [0m] Closed Socket activation for snappy daemon.
[[0;32m  OK  [0m] Closed UUID daemon activation socket.
[[0;32m  OK  [0m] Stopped target Slices.
[[0;32m  OK  [0m] Removed slice User and Session Slice.
[[0;32m  OK  [0m] Stopped target Paths.
[[0;32m  OK  [0m] Stopped ACPI Events Check.
[[0;32m  OK  [0m] Stopped target System Initialization.
[[0;32m  OK  [0m] Stopped target Local Encrypted Volumes.
[[0;32m  OK  [0m] Stopped Forward Password Requests to Wall Directory Watch.
[[0;32m  OK  [0m] Stopped Dispatch Password Requests to Console Directory Watch.
         Stopping Load/Save Random Seed...
[[0;32m  OK  [0m] Stopped Initial cloud-init job (metadata service crawler).
         Stopping Update UTMP about System Boot/Shutdown...
[[0;32m  OK  [0m] Stopped Apply Kernel Variables.
[[0;32m  OK  [0m] Stopped Load Kernel Modules.
[[0;32m  OK  [0m] Stopped target Network (Pre).
[[0;32m  OK  [0m] Stopped Initial cloud-init job (pre-networking).
[[0;32m  OK  [0m] Stopped Load/Save Random Seed.
[[0;32m  OK  [0m] Stopped Update UTMP about System Boot/Shutdown.
[[0;32m  OK  [0m] Stopped Create Volatile Files and Directories.
[[0;32m  OK  [0m] Stopped target Local File Systems.
         Unmounting /run/user/1000...
[[0;32m  OK  [0m] Unmounted /run/user/1000.
[[0;32m  OK  [0m] Reached target Unmount All Filesystems.
[[0;32m  OK  [0m] Stopped target Swap.
[[0;32m  OK  [0m] Stopped target Local File Systems (Pre).
[[0;32m  OK  [0m] Stopped Remount Root and Kernel File Systems.
         Stopping Monitoring of LVM2 mirrors…ng dmeventd or progress polling...
[[0;32m  OK  [0m] Stopped Create Static Device Nodes in /dev.
[[0;32m  OK  [0m] Reached target Shutdown.
[[0;32m  OK  [0m] Reached target Final Step.
         Starting Power-Off...
[[0;32m  OK  [0m] Stopped Monitoring of LVM2 mirrors,…sing dmeventd or progress polling.
         Stopping LVM2 metadata daemon...
[ 1698.237304] reboot: Power down
